SF:lib\src\components\outline_title_component.dart
DA:9,0
DA:14,0
DA:15,0
DA:19,0
DA:21,0
DA:22,0
DA:25,0
DA:27,0
DA:33,0
DA:34,0
DA:39,0
DA:81,0
DA:84,0
DA:85,0
DA:86,0
DA:87,0
DA:88,0
DA:89,0
DA:90,0
DA:91,0
DA:92,0
DA:93,0
DA:94,0
DA:95,0
DA:96,0
DA:97,0
DA:101,0
DA:104,0
DA:105,0
DA:106,0
DA:107,0
DA:108,0
DA:109,0
DA:110,0
DA:111,0
DA:112,0
DA:113,0
DA:114,0
DA:115,0
DA:116,0
DA:117,0
DA:118,0
DA:120,0
DA:122,0
DA:123,0
DA:124,0
DA:125,0
DA:126,0
DA:127,0
DA:128,0
DA:129,0
DA:130,0
DA:131,0
DA:132,0
DA:133,0
DA:134,0
DA:138,1
DA:144,1
DA:147,1
DA:151,0
DA:153,0
DA:156,0
DA:158,0
DA:159,0
DA:160,0
DA:161,0
DA:163,0
DA:164,0
DA:165,0
DA:167,0
DA:174,1
DA:177,1
DA:180,0
DA:181,0
DA:183,0
DA:189,0
DA:193,0
DA:198,0
DA:199,0
DA:207,0
DA:208,0
DA:210,0
DA:212,0
DA:214,0
DA:216,0
DA:217,0
DA:218,0
DA:220,0
DA:221,0
DA:223,0
DA:224,0
DA:226,0
DA:227,0
DA:228,0
DA:233,0
DA:235,0
DA:236,0
DA:237,0
DA:238,0
LF:99
LH:5
end_of_record
SF:lib\src\outline_document\outline_document.dart
DA:11,3
DA:12,6
DA:14,0
DA:19,1
DA:20,2
DA:22,0
DA:23,0
DA:25,2
DA:26,4
DA:28,0
DA:36,1
DA:37,1
DA:38,3
DA:39,4
DA:43,0
DA:64,3
DA:67,3
DA:71,3
DA:74,3
DA:76,3
DA:81,3
DA:93,1
DA:94,2
DA:96,2
DA:100,3
DA:101,5
DA:102,3
DA:103,1
DA:106,0
LF:29
LH:23
end_of_record
SF:lib\src\outline_document\outline_headings_mutable_document.dart
DA:6,0
DA:10,0
DA:12,0
DA:14,0
DA:15,0
DA:19,0
DA:20,0
DA:23,0
DA:24,0
DA:25,0
DA:28,0
DA:31,0
DA:34,0
DA:37,0
DA:40,0
DA:43,0
DA:47,0
DA:49,0
DA:53,0
DA:55,0
DA:56,0
DA:58,0
DA:61,0
DA:62,0
DA:63,0
DA:67,0
DA:68,0
DA:69,0
DA:71,0
DA:72,0
DA:74,0
DA:76,0
DA:77,0
DA:82,0
LF:34
LH:0
end_of_record
SF:lib\src\outline_document\outline_mutable_document.dart
DA:13,3
DA:16,6
DA:17,3
DA:22,3
DA:23,3
DA:25,1
DA:27,2
DA:29,0
DA:31,0
DA:34,2
DA:36,6
DA:38,0
DA:40,0
DA:43,1
DA:45,5
DA:46,3
DA:47,1
DA:53,3
DA:55,3
DA:56,3
DA:57,6
DA:58,6
DA:62,6
DA:63,6
DA:65,3
DA:67,3
DA:68,6
DA:70,6
DA:73,6
DA:74,3
DA:75,9
DA:79,3
DA:80,12
DA:84,6
DA:85,4
DA:86,2
DA:88,2
DA:89,2
DA:91,2
DA:93,1
DA:94,2
LF:41
LH:37
end_of_record
SF:lib\src\outline_document\outline_tree_document.dart
DA:10,2
DA:11,4
DA:14,2
DA:16,2
DA:19,0
DA:21,0
DA:24,2
DA:25,2
DA:32,1
DA:33,2
DA:35,0
DA:36,0
DA:38,0
DA:39,0
DA:41,1
DA:42,2
DA:44,0
DA:46,0
DA:48,0
DA:53,0
DA:54,0
DA:56,0
DA:57,0
DA:59,0
DA:62,0
DA:64,0
DA:66,0
DA:69,0
DA:71,0
DA:74,0
DA:76,0
DA:80,0
DA:83,0
DA:85,0
DA:86,0
DA:87,0
DA:90,0
DA:91,0
DA:93,0
DA:96,0
DA:98,0
DA:100,0
DA:101,0
DA:104,0
DA:107,0
DA:109,0
DA:110,0
DA:111,0
DA:117,0
DA:119,0
DA:121,0
DA:123,0
DA:124,0
DA:125,0
DA:130,0
DA:132,0
DA:133,0
DA:134,0
DA:137,0
DA:139,0
DA:140,0
DA:141,0
DA:144,1
DA:146,2
DA:149,0
DA:151,0
DA:153,0
DA:155,0
DA:158,0
DA:161,0
DA:162,0
DA:163,0
DA:165,0
DA:166,0
DA:167,0
DA:169,0
DA:170,0
DA:171,0
DA:174,1
DA:176,1
DA:177,3
DA:179,0
DA:190,0
DA:195,0
DA:196,0
DA:197,0
DA:198,0
DA:202,0
DA:203,0
DA:218,0
DA:221,0
DA:222,0
DA:223,0
DA:224,0
DA:228,0
DA:229,0
DA:230,0
DA:240,0
DA:245,0
DA:246,0
DA:247,0
DA:248,0
DA:252,0
DA:253,0
DA:254,0
DA:257,0
DA:259,0
DA:261,0
DA:263,0
DA:266,1
DA:268,3
DA:270,0
DA:272,0
DA:275,0
DA:277,0
DA:279,0
DA:282,0
DA:283,0
DA:284,0
DA:285,0
DA:288,0
DA:291,0
DA:292,0
DA:293,0
DA:296,0
DA:297,0
DA:298,0
DA:301,0
DA:303,0
DA:304,0
DA:307,0
DA:309,0
DA:310,0
DA:311,0
DA:315,0
DA:320,2
DA:327,4
DA:330,0
DA:335,0
DA:338,0
DA:339,0
DA:340,0
DA:342,0
DA:343,0
LF:144
LH:19
end_of_record
SF:lib\src\outline_document\outline_treenode.dart
DA:10,0
DA:30,4
DA:37,8
DA:38,4
DA:39,5
DA:40,1
DA:52,0
DA:53,0
DA:54,0
DA:55,0
DA:61,0
DA:62,0
DA:63,0
DA:65,0
DA:68,2
DA:69,2
DA:70,3
DA:71,1
DA:72,4
DA:73,2
DA:74,1
DA:77,3
DA:78,2
DA:79,1
DA:83,1
DA:86,1
DA:87,3
DA:88,0
DA:89,0
DA:91,0
DA:92,0
DA:94,0
DA:96,0
DA:97,0
DA:98,0
DA:99,0
DA:100,0
DA:102,8
DA:104,1
DA:105,1
DA:106,1
DA:107,2
DA:114,1
DA:115,1
DA:116,1
DA:118,2
DA:119,4
DA:125,2
DA:126,2
DA:129,4
DA:130,6
DA:132,10
DA:137,0
DA:138,0
DA:139,0
DA:141,0
DA:142,0
DA:143,0
DA:144,0
DA:149,2
DA:150,10
DA:152,4
DA:153,2
DA:159,0
DA:160,0
DA:161,0
DA:162,0
DA:164,0
DA:165,0
DA:173,3
DA:174,12
DA:177,3
DA:178,15
DA:181,1
DA:182,1
DA:183,0
DA:184,0
DA:187,3
DA:188,2
DA:193,12
DA:201,4
DA:202,4
DA:203,0
DA:205,8
DA:207,4
DA:217,1
DA:218,2
DA:219,1
DA:228,0
DA:229,0
DA:230,0
DA:233,0
DA:234,0
DA:235,0
DA:239,0
DA:243,5
DA:248,0
DA:249,0
DA:250,0
DA:252,0
DA:257,0
DA:258,0
DA:259,0
DA:270,0
DA:271,0
DA:272,0
DA:274,0
DA:279,0
DA:280,0
DA:281,0
DA:282,0
DA:292,0
DA:293,0
DA:294,0
DA:302,3
DA:303,18
DA:305,6
DA:306,3
DA:315,0
DA:316,0
DA:318,0
DA:320,0
DA:321,0
DA:322,0
DA:323,0
DA:324,0
DA:326,0
DA:327,0
DA:328,0
DA:336,0
DA:337,0
DA:339,0
DA:341,0
DA:342,0
DA:343,0
DA:344,0
DA:345,0
DA:347,0
DA:348,0
DA:349,0
DA:354,1
DA:355,2
DA:363,1
DA:364,5
DA:367,5
DA:370,4
DA:371,5
DA:375,4
DA:376,5
LF:149
LH:67
end_of_record
SF:lib\src\outline_editor\outline_editor.dart
DA:18,0
DA:43,0
DA:44,0
DA:50,0
DA:52,0
DA:53,0
DA:56,0
DA:58,0
DA:59,0
DA:60,0
DA:61,0
DA:62,0
DA:63,0
DA:64,0
DA:65,0
DA:66,0
DA:67,0
DA:68,0
DA:70,0
LF:19
LH:0
end_of_record
SF:lib\src\outline_editor\outline_editor_plugin.dart
DA:9,1
DA:15,1
DA:18,3
DA:21,3
DA:22,3
DA:23,2
DA:24,1
DA:25,0
DA:26,0
DA:27,0
DA:28,0
DA:31,0
DA:32,0
DA:33,0
DA:34,0
DA:35,0
DA:36,0
DA:41,2
DA:44,0
DA:46,0
DA:47,0
DA:50,1
DA:51,1
DA:52,2
DA:53,2
DA:56,1
DA:57,1
LF:27
LH:14
end_of_record
SF:lib\src\outline_editor\style.dart
DA:4,0
DA:6,0
DA:7,0
DA:9,0
DA:10,0
DA:22,0
DA:23,0
LF:7
LH:0
end_of_record
SF:lib\src\reactions\outline_structure_reaction.dart
DA:5,1
DA:7,0
DA:10,0
DA:11,0
DA:12,0
DA:13,0
DA:14,0
DA:16,0
DA:22,0
DA:24,0
DA:25,0
DA:27,0
DA:30,0
DA:31,0
DA:32,0
DA:39,0
LF:16
LH:1
end_of_record
SF:lib\src\commands\change_collapsed_state.dart
DA:6,0
DA:14,0
DA:17,0
DA:18,0
DA:19,0
DA:20,0
DA:22,0
DA:23,0
DA:27,0
DA:35,0
DA:37,0
DA:38,0
DA:39,0
DA:40,0
DA:41,0
DA:43,0
DA:44,0
DA:47,0
DA:49,0
LF:19
LH:0
end_of_record
SF:lib\src\reactions\node_visibility_reaction.dart
DA:5,1
DA:11,0
DA:16,0
DA:17,0
DA:18,0
DA:19,0
DA:20,0
DA:22,0
DA:23,0
DA:24,0
DA:25,0
DA:26,0
DA:28,0
DA:36,0
DA:41,0
DA:42,0
DA:43,0
DA:49,0
DA:50,0
DA:51,0
DA:52,0
DA:53,0
DA:62,0
DA:65,0
DA:67,0
DA:68,0
DA:70,0
DA:73,0
DA:76,0
DA:77,0
DA:83,0
DA:85,0
DA:92,0
DA:93,0
DA:94,0
DA:102,0
DA:105,0
DA:106,0
DA:107,0
DA:116,0
DA:123,0
DA:125,0
DA:129,0
DA:132,0
DA:140,0
DA:142,0
DA:144,0
DA:148,0
DA:149,0
DA:154,0
DA:155,0
DA:162,0
DA:163,0
DA:169,0
DA:174,0
DA:176,0
DA:177,0
DA:190,4
LF:58
LH:2
end_of_record
SF:lib\src\util\logging.dart
DA:3,0
DA:4,12
LF:2
LH:1
end_of_record
SF:lib\src\commands\insert_outline_treenode.dart
DA:6,0
DA:31,0
DA:34,0
DA:35,0
DA:36,0
DA:37,0
DA:39,0
DA:40,0
DA:44,0
DA:56,0
DA:58,0
DA:59,0
DA:60,0
DA:61,0
DA:62,0
DA:63,0
DA:65,0
DA:68,0
DA:69,0
DA:70,0
DA:71,0
DA:75,0
DA:79,0
DA:80,0
DA:81,0
DA:82,0
DA:83,0
DA:84,0
DA:85,0
DA:89,0
DA:90,0
DA:91,0
DA:92,0
LF:33
LH:0
end_of_record
SF:lib\src\components\collapse_expand_button.dart
DA:9,1
DA:18,1
DA:20,1
DA:22,0
DA:23,0
DA:24,0
DA:25,0
DA:26,0
DA:27,0
DA:31,1
DA:34,2
DA:35,1
DA:37,2
LF:13
LH:7
end_of_record
SF:lib\src\components\component_animations.dart
DA:9,1
DA:34,1
DA:35,1
DA:42,1
DA:44,1
DA:45,2
DA:47,2
DA:48,2
DA:51,2
DA:52,1
DA:53,2
DA:56,2
DA:57,2
DA:61,0
DA:63,0
DA:65,0
DA:66,0
DA:67,0
DA:69,0
DA:74,1
DA:76,2
DA:77,1
DA:80,1
DA:82,1
DA:83,1
DA:84,2
DA:85,2
DA:86,2
LF:28
LH:22
end_of_record
SF:lib\src\components\outline_component_base.dart
DA:9,1
DA:11,1
DA:40,1
DA:55,1
DA:57,1
DA:67,0
DA:70,1
DA:72,4
DA:73,1
DA:74,3
DA:76,1
DA:79,1
DA:81,1
DA:82,1
DA:83,3
DA:84,2
DA:86,1
DA:89,1
DA:90,1
DA:94,1
DA:95,1
LF:21
LH:20
end_of_record
SF:lib\src\components\outline_paragraph_component.dart
DA:8,1
DA:30,0
DA:31,0
DA:33,1
DA:35,2
DA:37,0
DA:38,0
DA:40,1
DA:42,2
DA:44,0
DA:45,0
DA:47,1
DA:49,2
DA:51,1
DA:52,2
DA:54,1
DA:55,2
DA:57,1
DA:58,2
DA:60,1
DA:62,2
DA:64,0
DA:65,0
DA:67,0
DA:69,0
DA:71,1
DA:73,2
DA:75,1
DA:77,2
DA:79,1
DA:81,1
DA:82,1
DA:83,2
DA:84,1
DA:85,1
DA:86,1
DA:87,1
DA:88,1
DA:92,0
DA:95,0
DA:96,0
DA:97,0
DA:98,0
DA:99,0
DA:100,0
DA:101,0
DA:102,0
DA:103,0
DA:104,0
DA:106,0
DA:108,0
DA:109,0
DA:110,0
DA:111,0
DA:112,0
DA:113,0
DA:114,0
DA:115,0
DA:119,1
DA:125,1
DA:128,1
DA:132,2
DA:134,0
DA:137,1
DA:140,1
DA:141,1
DA:143,2
DA:144,2
DA:146,4
DA:147,2
DA:148,2
DA:152,1
DA:155,2
DA:156,0
DA:157,1
DA:158,1
DA:160,1
DA:166,1
DA:170,1
DA:175,1
DA:176,1
DA:186,0
DA:187,0
DA:189,0
DA:191,0
DA:193,1
DA:195,1
DA:196,1
DA:197,4
DA:199,4
DA:200,4
DA:201,4
DA:202,4
DA:203,1
DA:205,4
DA:207,0
DA:208,4
DA:210,4
DA:212,4
DA:214,4
DA:215,4
DA:220,1
DA:222,1
DA:223,1
DA:224,2
DA:225,2
LF:106
LH:69
end_of_record
SF:lib\src\infrastructure\platform.dart
DA:7,0
DA:8,0
DA:15,0
DA:17,0
LF:4
LH:0
end_of_record
SF:lib\src\outline_editor\keyboard_actions.dart
DA:9,0
DA:13,0
DA:17,0
DA:21,0
DA:23,0
DA:25,0
DA:26,0
DA:27,0
DA:28,0
DA:29,0
DA:30,0
DA:31,0
DA:33,0
DA:34,0
DA:35,0
DA:45,0
DA:46,0
DA:47,0
DA:48,0
DA:49,0
DA:50,0
DA:51,0
DA:52,0
DA:54,0
DA:55,0
DA:56,0
DA:69,0
DA:73,0
DA:81,0
DA:85,0
DA:86,0
DA:95,0
DA:96,0
DA:100,0
DA:101,0
DA:106,0
DA:107,0
DA:108,0
DA:109,0
DA:112,0
DA:113,0
DA:114,0
DA:115,0
DA:117,0
DA:118,0
DA:121,0
DA:122,0
DA:123,0
DA:126,0
DA:127,0
DA:128,0
DA:129,0
DA:132,0
DA:133,0
LF:54
LH:0
end_of_record
